0 info it worked if it ends with ok
1 verbose cli [ 'C:\\Program Files (x86)\\node.exe',
1 verbose cli   'C:\\Program Files (x86)\\node_modules\\npm\\bin\\npm-cli.js',
1 verbose cli   'start' ]
2 info using npm@3.10.9
3 info using node@v7.2.0
4 verbose run-script [ 'prestart', 'start', 'poststart' ]
5 info lifecycle gshop_server@0.0.0~prestart: gshop_server@0.0.0
6 silly lifecycle gshop_server@0.0.0~prestart: no script for prestart, continuing
7 info lifecycle gshop_server@0.0.0~start: gshop_server@0.0.0
8 verbose lifecycle gshop_server@0.0.0~start: unsafe-perm in lifecycle true
9 verbose lifecycle gshop_server@0.0.0~start: PATH: C:\Program Files (x86)\node_modules\npm\bin\node-gyp-bin;C:\Users\Administrator\Desktop\gshop-server_final\gshop-server_final\node_modules\.bin;C:\Windows\system32;C:\Windows;C:\Windows\System32\Wbem;C:\Windows\System32\WindowsPowerShell\v1.0\;C:\Program Files (x86)\NVIDIA Corporation\PhysX\Common;C:\Program Files\PuTTY\;C:\Program Files (x86)\;E:\Git\cmd;C:\Users\Administrator\AppData\Local\Microsoft\WindowsApps;C:\Program Files\nodejs\node_global;C:\Program Files\MongoDB\Server\4.0\bin;C:\Users\Administrator\AppData\Roaming\npm;E:\Git\bin;
10 verbose lifecycle gshop_server@0.0.0~start: CWD: C:\Users\Administrator\Desktop\gshop-server_final\gshop-server_final
11 silly lifecycle gshop_server@0.0.0~start: Args: [ '/d /s /c', 'node ./bin/www' ]
12 verbose stack Error: kill ENOSYS
12 verbose stack     at exports._errnoException (util.js:1022:11)
12 verbose stack     at process.kill (internal/process.js:173:13)
12 verbose stack     at process.listener (C:\Program Files (x86)\node_modules\npm\node_modules\npmlog\node_modules\gauge\node_modules\signal-exit\index.js:86:15)
12 verbose stack     at emitNone (events.js:91:20)
12 verbose stack     at process.emit (events.js:185:7)
12 verbose stack     at processEmit (C:\Program Files (x86)\node_modules\npm\node_modules\npmlog\node_modules\gauge\node_modules\signal-exit\index.js:146:32)
12 verbose stack     at processEmit (C:\Program Files (x86)\node_modules\npm\node_modules\npm-registry-client\node_modules\npmlog\node_modules\gauge\node_modules\signal-exit\index.js:146:32)
12 verbose stack     at Signal.wrap.onsignal (internal/process.js:200:44)
13 verbose cwd C:\Users\Administrator\Desktop\gshop-server_final\gshop-server_final
14 error Windows_NT 10.0.16299
15 error argv "C:\\Program Files (x86)\\node.exe" "C:\\Program Files (x86)\\node_modules\\npm\\bin\\npm-cli.js" "start"
16 error node v7.2.0
17 error npm  v3.10.9
18 error code ENOSYS
19 error errno ENOSYS
20 error syscall kill
21 error kill ENOSYS
22 error If you need help, you may report this error at:
22 error     <https://github.com/npm/npm/issues>
23 verbose exit [ 1, true ]
